systemd --system --deserialize=35 splash
  |-ModemManager
  |   `-2*[{ModemManager}]
  |-NetworkManager --no-daemon
  |   `-2*[{NetworkManager}]
  |-Xwayland -auth /home/demo/.Xauthority :0 -rootless -core -terminate -listenfd 28 -listenfd 29 -displayfd 55 -wm 52
  |   |-xsettingsd
  |   `-{Xwayland}
  |-accounts-daemon
  |   `-2*[{accounts-daemon}]
  |-applet.py /usr/share/system-config-printer/applet.py
  |-at-spi-bus-laun
  |   |-dbus-daemon --config-file=/usr/share/defaults/at-spi2/accessibility.conf --nofork --print-address 12--address=unix:path=/r
  |   `-3*[{at-spi-bus-laun}]
  |-at-spi-bus-laun --launch-immediately
  |   |-dbus-daemon --config-file=/usr/share/defaults/at-spi2/accessibility.conf --nofork --print-address 12--address=unix:path=/r
  |   `-3*[{at-spi-bus-laun}]
  |-at-spi2-registr --use-gnome-session
  |   `-2*[{at-spi2-registr}]
  |-at-spi2-registr --use-gnome-session
  |   `-2*[{at-spi2-registr}]
  |-avahi-daemon
  |   `-avahi-daemon
  |-bluetoothd
  |-colord
  |   `-2*[{colord}]
  |-cron -f
  |-cups-browsed
  |   `-2*[{cups-browsed}]
  |-cupsd -l
  |-dbus-daemon --syslog-only --fork --print-pid 5 --print-address 7 --session
  |-dbus-daemon --system --address=systemd: --nofork --nopidfile --systemd-activation --syslog-only
  |-dbus-launch --autolaunch 00948f83a4ed4eacb477623d4a9d7823 --binary-syntax --close-stderr
  |-eom /home/demo/Downloads/Screenshot 2025-01-28 at 23-16-13 David Plummer's journey to Microsoft Regina Leader Post.png
  |   `-4*[{eom}]
  |-kanshi
  |-lightdm
  |   |-lightdm --session-child 10 15
  |   |   |-labwc -m
  |   |   |   |-ssh-agent /usr/bin/labwc-pi
  |   |   |   `-2*[{labwc}]
  |   |   `-2*[{lightdm}]
  |   `-2*[{lightdm}]
  |-login -f
  |   `-bash
  |-lwrespawn /usr/bin/lwrespawn /usr/bin/pcmanfm --desktop --profile LXDE-pi
  |   `-pcmanfm --desktop --profile LXDE-pi
  |       |-geany /home/demo/code/A/i/aclocki.txt
  |       |   |-bash
  |       |   `-3*[{geany}]
  |       |-mousepad file:///home/demo/code/A/i/aclocki.txt
  |       |   `-3*[{mousepad}]
  |       |-mupdf-x11 /home/demo/code/pdf/clackspec.pdf
  |       |-oosplash --writer file:///home/demo/code/A/i/aclocki.txt
  |       |   |-soffice.bin --writer file:///home/demo/code/A/i/aclocki.txt --splash-pipe=5
  |       |   |   `-22*[{soffice.bin}]
  |       |   `-{oosplash}
  |       `-3*[{pcmanfm}]
  |-lwrespawn /usr/bin/lwrespawn /usr/bin/wf-panel-pi
  |   `-wf-panel-pi
  |       |-firefox
  |       |   |-Isolated Servic -contentproc -isForBrowser -prefsHandle 0 -prefsLen 37710 -prefMapHandle 1 -prefMapSize 276760...
  |       |   |   `-27*[{Isolated Servic}]
  |       |   |-Isolated Web Co -contentproc -isForBrowser -prefsHandle 0 -prefsLen 37572 -prefMapHandle 1 -prefMapSize 276760...
  |       |   |   `-23*[{Isolated Web Co}]
  |       |   |-Isolated Web Co -contentproc -isForBrowser -prefsHandle 0 -prefsLen 37572 -prefMapHandle 1 -prefMapSize 276760...
  |       |   |   `-20*[{Isolated Web Co}]
  |       |   |-Isolated Web Co -contentproc -isForBrowser -prefsHandle 0 -prefsLen 37710 -prefMapHandle 1 -prefMapSize 276760...
  |       |   |   `-22*[{Isolated Web Co}]
  |       |   |-Isolated Web Co -contentproc -isForBrowser -prefsHandle 0 -prefsLen 37710 -prefMapHandle 1 -prefMapSize 276760...
  |       |   |   `-22*[{Isolated Web Co}]
  |       |   |-Isolated Web Co -contentproc -isForBrowser -prefsHandle 0 -prefsLen 37710 -prefMapHandle 1 -prefMapSize 276760...
  |       |   |   `-26*[{Isolated Web Co}]
  |       |   |-Isolated Web Co -contentproc -isForBrowser -prefsHandle 0 -prefsLen 37710 -prefMapHandle 1 -prefMapSize 276760...
  |       |   |   `-26*[{Isolated Web Co}]
  |       |   |-Isolated Web Co -contentproc -isForBrowser -prefsHandle 0 -prefsLen 37710 -prefMapHandle 1 -prefMapSize 276760...
  |       |   |   `-21*[{Isolated Web Co}]
  |       |   |-Isolated Web Co -contentproc -isForBrowser -prefsHandle 0 -prefsLen 37710 -prefMapHandle 1 -prefMapSize 276760...
  |       |   |   `-23*[{Isolated Web Co}]
  |       |   |-Isolated Web Co -contentproc -isForBrowser -prefsHandle 0 -prefsLen 37710 -prefMapHandle 1 -prefMapSize 276760...
  |       |   |   `-21*[{Isolated Web Co}]
  |       |   |-Isolated Web Co -contentproc -isForBrowser -prefsHandle 0 -prefsLen 37710 -prefMapHandle 1 -prefMapSize 276760...
  |       |   |   `-21*[{Isolated Web Co}]
  |       |   |-Isolated Web Co -contentproc -isForBrowser -prefsHandle 0 -prefsLen 37710 -prefMapHandle 1 -prefMapSize 276760...
  |       |   |   `-20*[{Isolated Web Co}]
  |       |   |-Isolated Web Co -contentproc -isForBrowser -prefsHandle 0 -prefsLen 37710 -prefMapHandle 1 -prefMapSize 276760...
  |       |   |   `-20*[{Isolated Web Co}]
  |       |   |-Isolated Web Co -contentproc -isForBrowser -prefsHandle 0 -prefsLen 37710 -prefMapHandle 1 -prefMapSize 276760...
  |       |   |   `-21*[{Isolated Web Co}]
  |       |   |-Isolated Web Co -contentproc -isForBrowser -prefsHandle 0 -prefsLen 37710 -prefMapHandle 1 -prefMapSize 276760...
  |       |   |   `-21*[{Isolated Web Co}]
  |       |   |-Isolated Web Co -contentproc -isForBrowser -prefsHandle 0 -prefsLen 37710 -prefMapHandle 1 -prefMapSize 276760...
  |       |   |   `-21*[{Isolated Web Co}]
  |       |   |-Isolated Web Co -contentproc -isForBrowser -prefsHandle 0 -prefsLen 37710 -prefMapHandle 1 -prefMapSize 276760...
  |       |   |   `-21*[{Isolated Web Co}]
  |       |   |-Isolated Web Co -contentproc -isForBrowser -prefsHandle 0 -prefsLen 37710 -prefMapHandle 1 -prefMapSize 276760...
  |       |   |   `-22*[{Isolated Web Co}]
  |       |   |-Isolated Web Co -contentproc -isForBrowser -prefsHandle 0 -prefsLen 37710 -prefMapHandle 1 -prefMapSize 276760...
  |       |   |   `-19*[{Isolated Web Co}]
  |       |   |-Isolated Web Co -contentproc -isForBrowser -prefsHandle 0 -prefsLen 37777 -prefMapHandle 1 -prefMapSize 276760...
  |       |   |   `-20*[{Isolated Web Co}]
  |       |   |-Isolated Web Co -contentproc -isForBrowser -prefsHandle 0 -prefsLen 37777 -prefMapHandle 1 -prefMapSize 276760...
  |       |   |   `-23*[{Isolated Web Co}]
  |       |   |-Isolated Web Co -contentproc -isForBrowser -prefsHandle 0 -prefsLen 37777 -prefMapHandle 1 -prefMapSize 276760...
  |       |   |   `-22*[{Isolated Web Co}]
  |       |   |-Isolated Web Co -contentproc -isForBrowser -prefsHandle 0 -prefsLen 37777 -prefMapHandle 1 -prefMapSize 276760...
  |       |   |   `-29*[{Isolated Web Co}]
  |       |   |-Isolated Web Co -contentproc -isForBrowser -prefsHandle 0 -prefsLen 37777 -prefMapHandle 1 -prefMapSize 276760...
  |       |   |   `-21*[{Isolated Web Co}]
  |       |   |-Isolated Web Co -contentproc -isForBrowser -prefsHandle 0 -prefsLen 37777 -prefMapHandle 1 -prefMapSize 276760...
  |       |   |   `-21*[{Isolated Web Co}]
  |       |   |-Isolated Web Co -contentproc -isForBrowser -prefsHandle 0 -prefsLen 37777 -prefMapHandle 1 -prefMapSize 276760...
  |       |   |   `-22*[{Isolated Web Co}]
  |       |   |-Privileged Cont -contentproc -isForBrowser -prefsHandle 0 -prefsLen 34434 -prefMapHandle 1 -prefMapSize 276760...
  |       |   |   `-20*[{Privileged Cont}]
  |       |   |-RDD Process -contentproc -parentBuildID 20250113121357 -prefsHandle 0 -prefsLen 34434 -prefMapHandle 1 ...
  |       |   |   `-4*[{RDD Process}]
  |       |   |-Socket Process -contentproc -parentBuildID 20250113121357 -prefsHandle 0 -prefsLen 34293 -prefMapHandle 1 ...
  |       |   |   `-5*[{Socket Process}]
  |       |   |-Utility Process -contentproc -parentBuildID 20250113121357 -sandboxingKind 0 -prefsHandle 0 -prefsLen 41995 ...
  |       |   |   `-4*[{Utility Process}]
  |       |   |-Web Content -contentproc -isForBrowser -prefsHandle 0 -prefsLen 37777 -prefMapHandle 1 -prefMapSize 276760...
  |       |   |   `-16*[{Web Content}]
  |       |   |-Web Content -contentproc -isForBrowser -prefsHandle 0 -prefsLen 37777 -prefMapHandle 1 -prefMapSize 276760...
  |       |   |   `-15*[{Web Content}]
  |       |   |-Web Content -contentproc -isForBrowser -prefsHandle 0 -prefsLen 37777 -prefMapHandle 1 -prefMapSize 276760...
  |       |   |   `-15*[{Web Content}]
  |       |   |-WebExtensions -contentproc -isForBrowser -prefsHandle 0 -prefsLen 41995 -prefMapHandle 1 -prefMapSize 276760...
  |       |   |   `-23*[{WebExtensions}]
  |       |   `-115*[{firefox}]
  |       |-tilix
  |       |   |-bash
  |       |   |   `-pstree -a
  |       |   `-3*[{tilix}]
  |       `-11*[{wf-panel-pi}]
  |-menu-cached /run/user/1000/menu-cached-:0
  |   `-2*[{menu-cached}]
  |-polkit-mate-aut
  |   `-3*[{polkit-mate-aut}]
  |-polkitd --no-debug
  |   `-2*[{polkitd}]
  |-rtkit-daemon
  |   `-2*[{rtkit-daemon}]
  |-snapd
  |   `-11*[{snapd}]
  |-systemd --user
  |   |-(sd-pam)
  |   |-dbus-daemon --session --address=systemd: --nofork --nopidfile --systemd-activation --syslog-only
  |   |-dconf-service
  |   |   `-2*[{dconf-service}]
  |   |-flatpak-session
  |   |   `-2*[{flatpak-session}]
  |   |-gnome-keyring-d --start --foreground --components=secrets
  |   |   `-2*[{gnome-keyring-d}]
  |   |-gnome-keyring-d --foreground --components=pkcs11,secrets --control-directory=/run/user/1000/keyring
  |   |   `-3*[{gnome-keyring-d}]
  |   |-gvfs-afc-volume
  |   |   `-3*[{gvfs-afc-volume}]
  |   |-gvfs-goa-volume
  |   |   `-2*[{gvfs-goa-volume}]
  |   |-gvfs-gphoto2-vo
  |   |   `-2*[{gvfs-gphoto2-vo}]
  |   |-gvfs-mtp-volume
  |   |   `-2*[{gvfs-mtp-volume}]
  |   |-gvfs-udisks2-vo
  |   |   `-3*[{gvfs-udisks2-vo}]
  |   |-gvfsd
  |   |   |-gvfsd-dnssd --spawner :1.24 /org/gtk/gvfs/exec_spaw/3
  |   |   |   `-2*[{gvfsd-dnssd}]
  |   |   |-gvfsd-http --spawner :1.24 /org/gtk/gvfs/exec_spaw/4
  |   |   |   `-2*[{gvfsd-http}]
  |   |   |-gvfsd-network --spawner :1.24 /org/gtk/gvfs/exec_spaw/1
  |   |   |   `-3*[{gvfsd-network}]
  |   |   |-gvfsd-trash --spawner :1.24 /org/gtk/gvfs/exec_spaw/0
  |   |   |   `-2*[{gvfsd-trash}]
  |   |   `-2*[{gvfsd}]
  |   |-gvfsd-fuse /run/user/1000/gvfs -f
  |   |   `-5*[{gvfsd-fuse}]
  |   |-gvfsd-metadata
  |   |   `-2*[{gvfsd-metadata}]
  |   |-p11-kit-server --sh -n /run/user/1000/.flatpak-helper/pkcs11-flatpak-4173420 --provider p11-kit-trust.so...
  |   |-pipewire
  |   |   `-4*[{pipewire}]
  |   |-pipewire -c filter-chain.conf
  |   |   `-{pipewire}
  |   |-pipewire-pulse
  |   |   `-2*[{pipewire-pulse}]
  |   |-scp-dbus-servic /usr/share/system-config-printer/scp-dbus-service.py
  |   |   `-4*[{scp-dbus-servic}]
  |   |-wireplumber
  |   |   `-7*[{wireplumber}]
  |   |-xdg-desktop-por
  |   |   `-3*[{xdg-desktop-por}]
  |   |-xdg-desktop-por
  |   |   `-{xdg-desktop-por}
  |   |-xdg-desktop-por
  |   |   `-3*[{xdg-desktop-por}]
  |   |-xdg-document-po
  |   |   |-fusermount3 -o rw,nosuid,nodev,fsname=portal,auto_unmount,subtype=portal -- /run/user/1000/doc
  |   |   `-5*[{xdg-document-po}]
  |   `-xdg-permission-
  |       `-2*[{xdg-permission-}]
  |-systemd-inhibit --what=handle-power-key gtk-nop
  |   `-gtk-nop
  |       `-3*[{gtk-nop}]
  |-systemd-journal
  |-systemd-logind
  |-systemd-timesyn
  |   `-{systemd-timesyn}
  |-systemd-udevd
  |-thd --triggers /etc/triggerhappy/triggers.d/ --socket /run/thd.socket --user nobody --deviceglob /dev/input/event*
  |-tmux: server
  |   `-bash
  |       `-ssh oneman@radcompany.us
  |-udisksd
  |   `-4*[{udisksd}]
  |-upowerd
  |   `-2*[{upowerd}]
  |-wpa_supplicant -u -s -O DIR=/run/wpa_supplicant GROUP=netdev
  `-xjdserver
